Using pre-set license
Built from '2020.3/staging' branch; Version is '2020.3.18f1 (a7d1c678663c) revision 10998214'; Using compiler version '192528614'; Build Type 'Release'
OS: 'Windows 10 Pro; OS build 19041.1237; Version 2004; 64bit' Language: 'ru' Physical Memory: 8111 MB
BatchMode: 1, IsHumanControllingUs: 0, StartBugReporterOnCrash: 0, Is64bit: 1, IsPro: 0

COMMAND LINE ARGUMENTS:
G:\2020.3.18f1\Editor\Unity.exe
-adb2
-batchMode
-noUpm
-name
AssetImportWorker0
-projectPath
C:/Users/Jhonn/Desktop/Drift_prototype/Drift prototype
-logFile
Logs/AssetImportWorker0.log
-srvPort
53790
Successfully changed project path to: C:/Users/Jhonn/Desktop/Drift_prototype/Drift prototype
C:/Users/Jhonn/Desktop/Drift_prototype/Drift prototype
Using Asset Import Pipeline V2.
Refreshing native plugins compatible for Editor in 92.20 ms, found 2 plugins.
Preloading 0 native plugins for Editor in 0.00 ms.
Initialize engine version: 2020.3.18f1 (a7d1c678663c)
[Subsystems] Discovering subsystems at path G:/2020.3.18f1/Editor/Data/Resources/UnitySubsystems
[Subsystems] Discovering subsystems at path C:/Users/Jhonn/Desktop/Drift_prototype/Drift prototype/Assets
GfxDevice: creating device client; threaded=0
Direct3D:
    Version:  Direct3D 11.0 [level 11.0]
    Renderer: NVIDIA GeForce GTX 650 (ID=0xfc6)
    Vendor:   
    VRAM:     984 MB
    Driver:   27.21.14.6647
Initialize mono
Mono path[0] = 'G:/2020.3.18f1/Editor/Data/Managed'
Mono path[1] = 'G:/2020.3.18f1/Editor/Data/MonoBleedingEdge/lib/mono/unityjit'
Mono config path = 'G:/2020.3.18f1/Editor/Data/MonoBleedingEdge/etc'
Using monoOptions --debugger-agent=transport=dt_socket,embedding=1,server=y,suspend=n,address=127.0.0.1:56988
Begin MonoManager ReloadAssembly
Registering precompiled unity dll's ...
Register platform support module: G:/2020.3.18f1/Editor/Data/PlaybackEngines/WindowsStandaloneSupport/UnityEditor.WindowsStandalone.Extensions.dll
Registered in 0.001558 seconds.
Native extension for WindowsStandalone target not found
Refreshing native plugins compatible for Editor in 78.01 ms, found 2 plugins.
Preloading 0 native plugins for Editor in 0.00 ms.
Mono: successfully reloaded assembly
- Completed reload, in  2.086 seconds
Domain Reload Profiling:
	ReloadAssembly (2087ms)
		BeginReloadAssembly (69ms)
			ExecutionOrderSort (0ms)
			DisableScriptedObjects (0ms)
			BackupInstance (0ms)
			ReleaseScriptingObjects (0ms)
			CreateAndSetChildDomain (1ms)
		EndReloadAssembly (621ms)
			LoadAssemblies (68ms)
			RebuildTransferFunctionScriptingTraits (0ms)
			SetupTypeCache (208ms)
			ReleaseScriptCaches (0ms)
			RebuildScriptCaches (40ms)
			SetupLoadedEditorAssemblies (250ms)
				LogAssemblyErrors (0ms)
				InitializePlatformSupportModulesInManaged (5ms)
				SetLoadedEditorAssemblies (0ms)
				RefreshPlugins (78ms)
				BeforeProcessingInitializeOnLoad (22ms)
				ProcessInitializeOnLoadAttributes (106ms)
				ProcessInitializeOnLoadMethodAttributes (38ms)
				AfterProcessingInitializeOnLoad (0ms)
				EditorAssembliesLoaded (0ms)
			ExecutionOrderSort2 (0ms)
			AwakeInstancesAfterBackupRestoration (0ms)
Platform modules already initialized, skipping
Registering precompiled user dll's ...
Registered in 0.007419 seconds.
Begin MonoManager ReloadAssembly
Native extension for WindowsStandalone target not found
Refreshing native plugins compatible for Editor in 78.55 ms, found 2 plugins.
Preloading 0 native plugins for Editor in 0.00 ms.
Mono: successfully reloaded assembly
- Completed reload, in  1.602 seconds
Domain Reload Profiling:
	ReloadAssembly (1603ms)
		BeginReloadAssembly (192ms)
			ExecutionOrderSort (0ms)
			DisableScriptedObjects (7ms)
			BackupInstance (0ms)
			ReleaseScriptingObjects (0ms)
			CreateAndSetChildDomain (23ms)
		EndReloadAssembly (1326ms)
			LoadAssemblies (128ms)
			RebuildTransferFunctionScriptingTraits (0ms)
			SetupTypeCache (431ms)
			ReleaseScriptCaches (1ms)
			RebuildScriptCaches (84ms)
			SetupLoadedEditorAssemblies (514ms)
				LogAssemblyErrors (0ms)
				InitializePlatformSupportModulesInManaged (5ms)
				SetLoadedEditorAssemblies (0ms)
				RefreshPlugins (79ms)
				BeforeProcessingInitializeOnLoad (126ms)
				ProcessInitializeOnLoadAttributes (293ms)
				ProcessInitializeOnLoadMethodAttributes (7ms)
				AfterProcessingInitializeOnLoad (4ms)
				EditorAssembliesLoaded (0ms)
			ExecutionOrderSort2 (0ms)
			AwakeInstancesAfterBackupRestoration (9ms)
Platform modules already initialized, skipping
========================================================================
Worker process is ready to serve import requests
Launched and connected shader compiler UnityShaderCompiler.exe after 0.29 seconds
Refreshing native plugins compatible for Editor in 1.18 ms, found 2 plugins.
Preloading 0 native plugins for Editor in 0.00 ms.
Unloading 2834 Unused Serialized files (Serialized files now loaded: 0)
System memory in use before: 149.4 MB.
System memory in use after: 149.6 MB.

Unloading 20 unused Assets to reduce memory usage. Loaded Objects now: 3410.
Total: 4.295300 ms (FindLiveObjects: 0.352700 ms CreateObjectMapping: 0.165700 ms MarkObjects: 3.653800 ms  DeleteObjects: 0.121400 ms)

AssetImportParameters requested are different than current active one (requested -> active):
  custom:framework-win-MediaFoundation: 216162199b28c13a410421893ffa2e32 -> 
  custom:video-decoder-ogg-theora: a1e56fd34408186e4bbccfd4996cb3dc -> 
  custom:container-muxer-webm: aa71ff27fc2769a1b78a27578f13a17b -> 
  custom:container-demuxer-webm: 4f35f7cbe854078d1ac9338744f61a02 -> 
  custom:container-demuxer-ogg: 62fdf1f143b41e24485cea50d1cbac27 -> 
  custom:video-encoder-webm-vp8: eb34c28f22e8b96e1ab97ce403110664 -> 
  custom:video-decoder-webm-vp8: 9c59270c3fd7afecdb556c50c9e8de78 -> 
  custom:audio-decoder-ogg-vorbis: bf7c407c2cedff20999df2af8eb42d56 -> 
  custom:audio-encoder-webm-vorbis: bf7c407c2cedff20999df2af8eb42d56 -> 
========================================================================
Received Import Request.
  path: Assets/New Terrain.asset
  artifactKey: Guid(e4618a92dc9e5df40b42bc46662c9ea0) Importer(815301076,1909f56bfc062723c751e8b465ee728b)
Start importing Assets/New Terrain.asset using Guid(e4618a92dc9e5df40b42bc46662c9ea0) Importer(815301076,1909f56bfc062723c751e8b465ee728b)  -> (artifact id: '6ec543d73ea8dbc7aa06ec706746a2ce') in 0.184859 seconds 
  Import took 0.191997 seconds .

========================================================================
Received Import Request.
  Time since last request: 0.000323 seconds.
  path: Assets/New Terrain 1.asset
  artifactKey: Guid(61a3200844c8e8c4886b513d7dc093cb) Importer(815301076,1909f56bfc062723c751e8b465ee728b)
Start importing Assets/New Terrain 1.asset using Guid(61a3200844c8e8c4886b513d7dc093cb) Importer(815301076,1909f56bfc062723c751e8b465ee728b)  -> (artifact id: '268dc3188715975663e5c64e879cdd67') in 0.017435 seconds 
  Import took 0.022463 seconds .

========================================================================
Received Prepare
Registering precompiled user dll's ...
Registered in 0.005154 seconds.
Begin MonoManager ReloadAssembly
Native extension for WindowsStandalone target not found
Refreshing native plugins compatible for Editor in 0.96 ms, found 2 plugins.
Preloading 0 native plugins for Editor in 0.00 ms.
Mono: successfully reloaded assembly
- Completed reload, in  1.441 seconds
Domain Reload Profiling:
	ReloadAssembly (1441ms)
		BeginReloadAssembly (154ms)
			ExecutionOrderSort (0ms)
			DisableScriptedObjects (7ms)
			BackupInstance (0ms)
			ReleaseScriptingObjects (0ms)
			CreateAndSetChildDomain (48ms)
		EndReloadAssembly (1209ms)
			LoadAssemblies (130ms)
			RebuildTransferFunctionScriptingTraits (0ms)
			SetupTypeCache (407ms)
			ReleaseScriptCaches (2ms)
			RebuildScriptCaches (61ms)
			SetupLoadedEditorAssemblies (432ms)
				LogAssemblyErrors (0ms)
				InitializePlatformSupportModulesInManaged (10ms)
				SetLoadedEditorAssemblies (1ms)
				RefreshPlugins (1ms)
				BeforeProcessingInitializeOnLoad (123ms)
				ProcessInitializeOnLoadAttributes (288ms)
				ProcessInitializeOnLoadMethodAttributes (6ms)
				AfterProcessingInitializeOnLoad (3ms)
				EditorAssembliesLoaded (0ms)
			ExecutionOrderSort2 (0ms)
			AwakeInstancesAfterBackupRestoration (14ms)
Platform modules already initialized, skipping
Switching build target platform(19) subTarget(0) extendedPlatform(0) -> platform(13) subTarget(537395200) extendedPlatform(0)
Refreshing native plugins compatible for Editor in 0.75 ms, found 2 plugins.
Preloading 0 native plugins for Editor in 0.00 ms.
Unloading 2700 Unused Serialized files (Serialized files now loaded: 0)
System memory in use before: 137.8 MB.
System memory in use after: 138.1 MB.

Unloading 71 unused Assets to reduce memory usage. Loaded Objects now: 3360.
Total: 4.163500 ms (FindLiveObjects: 0.325900 ms CreateObjectMapping: 0.158500 ms MarkObjects: 3.625900 ms  DeleteObjects: 0.051500 ms)

AssetImportParameters requested are different than current active one (requested -> active):
  custom:framework-win-MediaFoundation: 216162199b28c13a410421893ffa2e32 -> 
  custom:video-decoder-ogg-theora: a1e56fd34408186e4bbccfd4996cb3dc -> 
  custom:container-muxer-webm: aa71ff27fc2769a1b78a27578f13a17b -> 
  custom:container-demuxer-webm: 4f35f7cbe854078d1ac9338744f61a02 -> 
  custom:container-demuxer-ogg: 62fdf1f143b41e24485cea50d1cbac27 -> 
  custom:video-encoder-webm-vp8: eb34c28f22e8b96e1ab97ce403110664 -> 
  custom:video-decoder-webm-vp8: 9c59270c3fd7afecdb556c50c9e8de78 -> 
  custom:graphics/normal-map-encoding: 01000000000000000000000000000000 -> 02000000000000000000000000000000
  custom:audio-decoder-ogg-vorbis: bf7c407c2cedff20999df2af8eb42d56 -> 
  custom:audio-encoder-webm-vorbis: bf7c407c2cedff20999df2af8eb42d56 -> 
========================================================================
Received Import Request.
  Time since last request: 1030.319897 seconds.
  path: Assets/_TerrainAutoUpgrade
  artifactKey: Guid(e08ebce7fc9847e42b81b9b883dd1d9d) Importer(815301076,1909f56bfc062723c751e8b465ee728b)
Start importing Assets/_TerrainAutoUpgrade using Guid(e08ebce7fc9847e42b81b9b883dd1d9d) Importer(815301076,1909f56bfc062723c751e8b465ee728b)  -> (artifact id: '8281f086b10d4302920893c7af082023') in 0.018305 seconds 
  Import took 0.025271 seconds .

========================================================================
Received Import Request.
  Time since last request: 0.072250 seconds.
  path: Assets/_TerrainAutoUpgrade/layer_forest_floorforest_floor_normal1dc7420b2ece7392.terrainlayer
  artifactKey: Guid(022d136642baae14ea85fefd3ef25c57) Importer(815301076,1909f56bfc062723c751e8b465ee728b)
Start importing Assets/_TerrainAutoUpgrade/layer_forest_floorforest_floor_normal1dc7420b2ece7392.terrainlayer using Guid(022d136642baae14ea85fefd3ef25c57) Importer(815301076,1909f56bfc062723c751e8b465ee728b)  -> (artifact id: '13087232fd5611ef84410406cec4abb8') in 1.596803 seconds 
  Import took 1.604223 seconds .

========================================================================
Received Import Request.
  Time since last request: 0.954619 seconds.
  path: Assets/_TerrainAutoUpgrade/layer_solid_rocksolid_rock_normal312cdf1c675cb011.terrainlayer
  artifactKey: Guid(da48ffa1e043f9d4598e8f6efa691589) Importer(815301076,1909f56bfc062723c751e8b465ee728b)
Start importing Assets/_TerrainAutoUpgrade/layer_solid_rocksolid_rock_normal312cdf1c675cb011.terrainlayer using Guid(da48ffa1e043f9d4598e8f6efa691589) Importer(815301076,1909f56bfc062723c751e8b465ee728b)  -> (artifact id: 'abcb38d6292e2f566348a495634684c8') in 0.902829 seconds 
  Import took 1.201652 seconds .

========================================================================
Received Import Request.
  Time since last request: 0.003965 seconds.
  path: Assets/_TerrainAutoUpgrade/layer_grass_strawgrass_straw_normal1dc7420b2ece7392.terrainlayer
  artifactKey: Guid(88bc5dc5f2a596441bd83e0b4ee8aef0) Importer(815301076,1909f56bfc062723c751e8b465ee728b)
Start importing Assets/_TerrainAutoUpgrade/layer_grass_strawgrass_straw_normal1dc7420b2ece7392.terrainlayer using Guid(88bc5dc5f2a596441bd83e0b4ee8aef0) Importer(815301076,1909f56bfc062723c751e8b465ee728b)  -> (artifact id: '6aba48546b3a67829ed768229c8e08a7') in 1.956171 seconds 
  Import took 1.964030 seconds .

========================================================================
Received Import Request.
  Time since last request: 0.070394 seconds.
  path: Assets/_TerrainAutoUpgrade/layer_forest_floorforest_floor_normal18c7f28bcf2878ea.terrainlayer
  artifactKey: Guid(8290e3cd07d68724d98463819439e398) Importer(815301076,1909f56bfc062723c751e8b465ee728b)
Start importing Assets/_TerrainAutoUpgrade/layer_forest_floorforest_floor_normal18c7f28bcf2878ea.terrainlayer using Guid(8290e3cd07d68724d98463819439e398) Importer(815301076,1909f56bfc062723c751e8b465ee728b)  -> (artifact id: '011a85bcd5a7721f845b16aa0340e9d3') in 4.259724 seconds 
  Import took 4.733379 seconds .

========================================================================
Received Import Request.
  Time since last request: 0.632221 seconds.
  path: Assets/Realistic Terrain Collection/Other/Textures/ForestFloor/forest_floor.jpg
  artifactKey: Guid(2b72cf5dea4955f408e325e1d0470b50) Importer(815301076,1909f56bfc062723c751e8b465ee728b)
Start importing Assets/Realistic Terrain Collection/Other/Textures/ForestFloor/forest_floor.jpg using Guid(2b72cf5dea4955f408e325e1d0470b50) Importer(815301076,1909f56bfc062723c751e8b465ee728b)  -> (artifact id: 'ea760b334958cd00b39192c565277396') in 1.124616 seconds 
  Import took 1.139195 seconds .

========================================================================
Received Import Request.
  Time since last request: 0.000246 seconds.
  path: Assets/Realistic Terrain Collection/Other/Textures/GrassStraw/grass_straw_normal.png
  artifactKey: Guid(b33f6005d605f0f4c9da6a3a71aef7b2) Importer(815301076,1909f56bfc062723c751e8b465ee728b)
Start importing Assets/Realistic Terrain Collection/Other/Textures/GrassStraw/grass_straw_normal.png using Guid(b33f6005d605f0f4c9da6a3a71aef7b2) Importer(815301076,1909f56bfc062723c751e8b465ee728b)  -> (artifact id: 'a52d25c9b9e1d9586b18284fe6124465') in 0.040195 seconds 
  Import took 0.058319 seconds .

========================================================================
Received Import Request.
  Time since last request: 0.000383 seconds.
  path: Assets/_TerrainAutoUpgrade/layer_grass_strawgrass_straw_normal18c7f28bcf2878ea.terrainlayer
  artifactKey: Guid(801d3c78c67f2af40af9b3a6ceac87f4) Importer(815301076,1909f56bfc062723c751e8b465ee728b)
Start importing Assets/_TerrainAutoUpgrade/layer_grass_strawgrass_straw_normal18c7f28bcf2878ea.terrainlayer using Guid(801d3c78c67f2af40af9b3a6ceac87f4) Importer(815301076,1909f56bfc062723c751e8b465ee728b)  -> (artifact id: '437635005887b81f5cafd4145e822c1b') in 0.030358 seconds 
  Import took 0.041768 seconds .

========================================================================
Received Import Request.
  Time since last request: 0.000284 seconds.
  path: Assets/_TerrainAutoUpgrade/layer_solid_rocksolid_rock_normal560991c8daf0f9e2.terrainlayer
  artifactKey: Guid(e7a53e0bc7044c3468ffd6689f57a717) Importer(815301076,1909f56bfc062723c751e8b465ee728b)
Start importing Assets/_TerrainAutoUpgrade/layer_solid_rocksolid_rock_normal560991c8daf0f9e2.terrainlayer using Guid(e7a53e0bc7044c3468ffd6689f57a717) Importer(815301076,1909f56bfc062723c751e8b465ee728b)  -> (artifact id: '5f37009e9fe2b6f9a4ade763333fe95d') in 0.024362 seconds 
  Import took 0.060853 seconds .

========================================================================
Received Import Request.
  Time since last request: 0.000248 seconds.
  path: Assets/Realistic Terrain Collection/Other/Textures/SolidRock2/solid_rock_2.jpg
  artifactKey: Guid(0b9fdd745ea3f534381ab9bf2aef7aff) Importer(815301076,1909f56bfc062723c751e8b465ee728b)
Start importing Assets/Realistic Terrain Collection/Other/Textures/SolidRock2/solid_rock_2.jpg using Guid(0b9fdd745ea3f534381ab9bf2aef7aff) Importer(815301076,1909f56bfc062723c751e8b465ee728b)  -> (artifact id: 'f225f846ebd3168b4ce6dd456255fff2') in 0.024558 seconds 
  Import took 0.034535 seconds .

========================================================================
Received Import Request.
  Time since last request: 0.000241 seconds.
  path: Assets/Realistic Terrain Collection/Other/Textures/SolidRock2/solid_rock_2_normal.png
  artifactKey: Guid(da37bd6901d5f474ab6e2f97360085ef) Importer(815301076,1909f56bfc062723c751e8b465ee728b)
Start importing Assets/Realistic Terrain Collection/Other/Textures/SolidRock2/solid_rock_2_normal.png using Guid(da37bd6901d5f474ab6e2f97360085ef) Importer(815301076,1909f56bfc062723c751e8b465ee728b)  -> (artifact id: 'f85a07ac3feb0374681a1ee3257aee4e') in 0.021067 seconds 
  Import took 0.025951 seconds .

========================================================================
Received Import Request.
  Time since last request: 0.000240 seconds.
  path: Assets/Realistic Terrain Collection/Other/Textures/GrassStraw/grass_straw.jpg
  artifactKey: Guid(95367a709ed35ae4facb845a4eb26e34) Importer(815301076,1909f56bfc062723c751e8b465ee728b)
Start importing Assets/Realistic Terrain Collection/Other/Textures/GrassStraw/grass_straw.jpg using Guid(95367a709ed35ae4facb845a4eb26e34) Importer(815301076,1909f56bfc062723c751e8b465ee728b)  -> (artifact id: 'be818090ce44524b35e01332cf97f5e2') in 0.019141 seconds 
  Import took 0.025031 seconds .

========================================================================
Received Import Request.
  Time since last request: 0.000281 seconds.
  path: Assets/_TerrainAutoUpgrade/layer_solid_rock_2solid_rock_2_normal560991c8daf0f9e2.terrainlayer
  artifactKey: Guid(b64d81f2cee05404a9ab304af0fe3455) Importer(815301076,1909f56bfc062723c751e8b465ee728b)
Start importing Assets/_TerrainAutoUpgrade/layer_solid_rock_2solid_rock_2_normal560991c8daf0f9e2.terrainlayer using Guid(b64d81f2cee05404a9ab304af0fe3455) Importer(815301076,1909f56bfc062723c751e8b465ee728b)  -> (artifact id: '4373c8c7f1a890bdc7ccf9be03d911e3') in 0.075259 seconds 
  Import took 0.080596 seconds .

========================================================================
Received Import Request.
  Time since last request: 0.000277 seconds.
  path: Assets/Realistic Terrain Collection/Other/Textures/ForestFloor/forest_floor_normal.png
  artifactKey: Guid(1edd761d48ed9d340be32e4f47b18ce9) Importer(815301076,1909f56bfc062723c751e8b465ee728b)
Start importing Assets/Realistic Terrain Collection/Other/Textures/ForestFloor/forest_floor_normal.png using Guid(1edd761d48ed9d340be32e4f47b18ce9) Importer(815301076,1909f56bfc062723c751e8b465ee728b)  -> (artifact id: '0f982cd77fd7fe6ebb75644d6d5ea7a2') in 0.020864 seconds 
  Import took 0.036426 seconds .

========================================================================
Received Import Request.
  Time since last request: 0.000276 seconds.
  path: Assets/_TerrainAutoUpgrade/layer_solid_rock_2solid_rock_2_normal312cdf1c675cb011.terrainlayer
  artifactKey: Guid(274d08d0d5156784ca8880478b6d47c6) Importer(815301076,1909f56bfc062723c751e8b465ee728b)
Start importing Assets/_TerrainAutoUpgrade/layer_solid_rock_2solid_rock_2_normal312cdf1c675cb011.terrainlayer using Guid(274d08d0d5156784ca8880478b6d47c6) Importer(815301076,1909f56bfc062723c751e8b465ee728b)  -> (artifact id: '97d059f8a3e15084f4f5c64f6ca7a382') in 0.025332 seconds 
  Import took 0.036200 seconds .

========================================================================
Received Import Request.
  Time since last request: 0.761833 seconds.
  path: Assets/Realistic Terrain Collection
  artifactKey: Guid(2112764e475e0684287e75958c2b916d) Importer(815301076,1909f56bfc062723c751e8b465ee728b)
Start importing Assets/Realistic Terrain Collection using Guid(2112764e475e0684287e75958c2b916d) Importer(815301076,1909f56bfc062723c751e8b465ee728b)  -> (artifact id: '9e7dd8e7759490d61894a363869347b9') in 0.008731 seconds 
  Import took 0.028842 seconds .

========================================================================
Received Import Request.
  Time since last request: 1.032400 seconds.
  path: Assets/Realistic Terrain Collection/Terrains
  artifactKey: Guid(7bc605aded5092d47a5896edfa1d5c76) Importer(815301076,1909f56bfc062723c751e8b465ee728b)
Start importing Assets/Realistic Terrain Collection/Terrains using Guid(7bc605aded5092d47a5896edfa1d5c76) Importer(815301076,1909f56bfc062723c751e8b465ee728b)  -> (artifact id: '995a7bb0dcb21e72324d104e6406597c') in 0.008753 seconds 
  Import took 0.026494 seconds .

========================================================================
Received Import Request.
  Time since last request: 1.055581 seconds.
  path: Assets/Realistic Terrain Collection/Terrains/Terrain1
  artifactKey: Guid(e421ce58125b35446afa006d43c22e03) Importer(815301076,1909f56bfc062723c751e8b465ee728b)
Start importing Assets/Realistic Terrain Collection/Terrains/Terrain1 using Guid(e421ce58125b35446afa006d43c22e03) Importer(815301076,1909f56bfc062723c751e8b465ee728b)  -> (artifact id: '367c706c67ea45c6c95b2ecf0fa50c45') in 0.009118 seconds 
  Import took 0.014572 seconds .

========================================================================
Received Import Request.
  Time since last request: 0.047427 seconds.
  path: Assets/Realistic Terrain Collection/Terrains/Terrain1/High Resolution_1.asset
  artifactKey: Guid(7ca13af0747858b4e97f697cc63d4fe5) Importer(815301076,1909f56bfc062723c751e8b465ee728b)
Start importing Assets/Realistic Terrain Collection/Terrains/Terrain1/High Resolution_1.asset using Guid(7ca13af0747858b4e97f697cc63d4fe5) Importer(815301076,1909f56bfc062723c751e8b465ee728b)  -> (artifact id: 'c4b50b861129c51b98d41cc03e1d507b') in 0.447518 seconds 
  Import took 0.460219 seconds .

========================================================================
Received Import Request.
  Time since last request: 0.000408 seconds.
  path: Assets/Realistic Terrain Collection/Terrains/Terrain1/Low Resolution_1.asset
  artifactKey: Guid(74e8a47a277084d4284e32d8e400dc63) Importer(815301076,1909f56bfc062723c751e8b465ee728b)
Start importing Assets/Realistic Terrain Collection/Terrains/Terrain1/Low Resolution_1.asset using Guid(74e8a47a277084d4284e32d8e400dc63) Importer(815301076,1909f56bfc062723c751e8b465ee728b)  -> (artifact id: '78cf022ed78c2e8c936895c5932f4d1d') in 0.109179 seconds 
  Import took 0.134735 seconds .

========================================================================
Received Import Request.
  Time since last request: 0.000289 seconds.
  path: Assets/Realistic Terrain Collection/Terrains/Terrain1/Medium Resolution_1.asset
  artifactKey: Guid(6c574f6654ce83444947ea9c00c4d4b5) Importer(815301076,1909f56bfc062723c751e8b465ee728b)
Start importing Assets/Realistic Terrain Collection/Terrains/Terrain1/Medium Resolution_1.asset using Guid(6c574f6654ce83444947ea9c00c4d4b5) Importer(815301076,1909f56bfc062723c751e8b465ee728b)  -> (artifact id: '5f9a94a83e3a18eb62b403a8c9a050f3') in 0.174081 seconds 
  Import took 0.179573 seconds .

========================================================================
Received Import Request.
  Time since last request: 0.002233 seconds.
  path: Assets/Realistic Terrain Collection/Terrains/Terrain1/Medium Resolution_1.asset
  artifactKey: Guid(6c574f6654ce83444947ea9c00c4d4b5) Importer(815301076,1909f56bfc062723c751e8b465ee728b)
Start importing Assets/Realistic Terrain Collection/Terrains/Terrain1/Medium Resolution_1.asset using Guid(6c574f6654ce83444947ea9c00c4d4b5) Importer(815301076,1909f56bfc062723c751e8b465ee728b)  -> (artifact id: '5f9a94a83e3a18eb62b403a8c9a050f3') in 0.153789 seconds 
  Import took 0.176997 seconds .

========================================================================
Received Import Request.
  Time since last request: 161.702715 seconds.
  path: Assets/Realistic Terrain Collection/Terrains/High Resolution Terrain Scene.unity
  artifactKey: Guid(3a8aea03e85c17d4da23aee71188e9b0) Importer(815301076,1909f56bfc062723c751e8b465ee728b)
Start importing Assets/Realistic Terrain Collection/Terrains/High Resolution Terrain Scene.unity using Guid(3a8aea03e85c17d4da23aee71188e9b0) Importer(815301076,1909f56bfc062723c751e8b465ee728b)  -> (artifact id: '6fd4879e94534273de9119c994abac23') in 0.029191 seconds 
  Import took 0.078045 seconds .

========================================================================
Received Import Request.
  Time since last request: 1.402165 seconds.
  path: Assets/Realistic Terrain Collection/Terrains/Terrain3
  artifactKey: Guid(7b8fc9369c784294bb3c06c887f12035) Importer(815301076,1909f56bfc062723c751e8b465ee728b)
Start importing Assets/Realistic Terrain Collection/Terrains/Terrain3 using Guid(7b8fc9369c784294bb3c06c887f12035) Importer(815301076,1909f56bfc062723c751e8b465ee728b)  -> (artifact id: 'c17c310ad6ff8f40e6d11d1b9f118946') in 0.080815 seconds 
  Import took 0.178865 seconds .

========================================================================
Received Prepare
Registering precompiled user dll's ...
Registered in 0.006285 seconds.
Begin MonoManager ReloadAssembly
Native extension for WindowsStandalone target not found
Refreshing native plugins compatible for Editor in 0.84 ms, found 2 plugins.
Preloading 0 native plugins for Editor in 0.00 ms.
Mono: successfully reloaded assembly
- Completed reload, in  1.560 seconds
Domain Reload Profiling:
	ReloadAssembly (1560ms)
		BeginReloadAssembly (168ms)
			ExecutionOrderSort (0ms)
			DisableScriptedObjects (7ms)
			BackupInstance (0ms)
			ReleaseScriptingObjects (0ms)
			CreateAndSetChildDomain (72ms)
		EndReloadAssembly (1309ms)
			LoadAssemblies (128ms)
			RebuildTransferFunctionScriptingTraits (0ms)
			SetupTypeCache (427ms)
			ReleaseScriptCaches (2ms)
			RebuildScriptCaches (64ms)
			SetupLoadedEditorAssemblies (415ms)
				LogAssemblyErrors (0ms)
				InitializePlatformSupportModulesInManaged (6ms)
				SetLoadedEditorAssemblies (1ms)
				RefreshPlugins (1ms)
				BeforeProcessingInitializeOnLoad (121ms)
				ProcessInitializeOnLoadAttributes (276ms)
				ProcessInitializeOnLoadMethodAttributes (6ms)
				AfterProcessingInitializeOnLoad (3ms)
				EditorAssembliesLoaded (0ms)
			ExecutionOrderSort2 (0ms)
			AwakeInstancesAfterBackupRestoration (15ms)
Platform modules already initialized, skipping
Switching build target platform(19) subTarget(0) extendedPlatform(0) -> platform(13) subTarget(537395200) extendedPlatform(0)
Refreshing native plugins compatible for Editor in 0.83 ms, found 2 plugins.
Preloading 0 native plugins for Editor in 0.00 ms.
Unloading 2694 Unused Serialized files (Serialized files now loaded: 0)
System memory in use before: 140.3 MB.
System memory in use after: 140.5 MB.

Unloading 12 unused Assets to reduce memory usage. Loaded Objects now: 3368.
Total: 4.284000 ms (FindLiveObjects: 0.344200 ms CreateObjectMapping: 0.181500 ms MarkObjects: 3.729600 ms  DeleteObjects: 0.027200 ms)

AssetImportParameters requested are different than current active one (requested -> active):
  custom:framework-win-MediaFoundation: 216162199b28c13a410421893ffa2e32 -> 
  custom:video-decoder-ogg-theora: a1e56fd34408186e4bbccfd4996cb3dc -> 
  custom:container-muxer-webm: aa71ff27fc2769a1b78a27578f13a17b -> 
  custom:container-demuxer-webm: 4f35f7cbe854078d1ac9338744f61a02 -> 
  custom:container-demuxer-ogg: 62fdf1f143b41e24485cea50d1cbac27 -> 
  custom:video-encoder-webm-vp8: eb34c28f22e8b96e1ab97ce403110664 -> 
  custom:video-decoder-webm-vp8: 9c59270c3fd7afecdb556c50c9e8de78 -> 
  custom:graphics/normal-map-encoding: 01000000000000000000000000000000 -> 02000000000000000000000000000000
  custom:audio-decoder-ogg-vorbis: bf7c407c2cedff20999df2af8eb42d56 -> 
  custom:audio-encoder-webm-vorbis: bf7c407c2cedff20999df2af8eb42d56 -> 
========================================================================
Received Prepare
Registering precompiled user dll's ...
Registered in 0.005366 seconds.
Begin MonoManager ReloadAssembly
Native extension for WindowsStandalone target not found
Refreshing native plugins compatible for Editor in 0.77 ms, found 2 plugins.
Preloading 0 native plugins for Editor in 0.00 ms.
Mono: successfully reloaded assembly
- Completed reload, in  1.491 seconds
Domain Reload Profiling:
	ReloadAssembly (1492ms)
		BeginReloadAssembly (154ms)
			ExecutionOrderSort (0ms)
			DisableScriptedObjects (7ms)
			BackupInstance (0ms)
			ReleaseScriptingObjects (0ms)
			CreateAndSetChildDomain (48ms)
		EndReloadAssembly (1248ms)
			LoadAssemblies (142ms)
			RebuildTransferFunctionScriptingTraits (0ms)
			SetupTypeCache (445ms)
			ReleaseScriptCaches (1ms)
			RebuildScriptCaches (62ms)
			SetupLoadedEditorAssemblies (438ms)
				LogAssemblyErrors (0ms)
				InitializePlatformSupportModulesInManaged (6ms)
				SetLoadedEditorAssemblies (1ms)
				RefreshPlugins (1ms)
				BeforeProcessingInitializeOnLoad (133ms)
				ProcessInitializeOnLoadAttributes (286ms)
				ProcessInitializeOnLoadMethodAttributes (7ms)
				AfterProcessingInitializeOnLoad (4ms)
				EditorAssembliesLoaded (0ms)
			ExecutionOrderSort2 (0ms)
			AwakeInstancesAfterBackupRestoration (14ms)
Platform modules already initialized, skipping
Switching build target platform(19) subTarget(0) extendedPlatform(0) -> platform(13) subTarget(537395200) extendedPlatform(0)
Refreshing native plugins compatible for Editor in 0.76 ms, found 2 plugins.
Preloading 0 native plugins for Editor in 0.00 ms.
Unloading 2694 Unused Serialized files (Serialized files now loaded: 0)
System memory in use before: 140.3 MB.
System memory in use after: 140.5 MB.

Unloading 12 unused Assets to reduce memory usage. Loaded Objects now: 3370.
Total: 4.451100 ms (FindLiveObjects: 0.323800 ms CreateObjectMapping: 0.150600 ms MarkObjects: 3.950900 ms  DeleteObjects: 0.024000 ms)

AssetImportParameters requested are different than current active one (requested -> active):
  custom:framework-win-MediaFoundation: 216162199b28c13a410421893ffa2e32 -> 
  custom:video-decoder-ogg-theora: a1e56fd34408186e4bbccfd4996cb3dc -> 
  custom:container-muxer-webm: aa71ff27fc2769a1b78a27578f13a17b -> 
  custom:container-demuxer-webm: 4f35f7cbe854078d1ac9338744f61a02 -> 
  custom:container-demuxer-ogg: 62fdf1f143b41e24485cea50d1cbac27 -> 
  custom:video-encoder-webm-vp8: eb34c28f22e8b96e1ab97ce403110664 -> 
  custom:video-decoder-webm-vp8: 9c59270c3fd7afecdb556c50c9e8de78 -> 
  custom:graphics/normal-map-encoding: 01000000000000000000000000000000 -> 02000000000000000000000000000000
  custom:audio-decoder-ogg-vorbis: bf7c407c2cedff20999df2af8eb42d56 -> 
  custom:audio-encoder-webm-vorbis: bf7c407c2cedff20999df2af8eb42d56 -> 
========================================================================
Received Prepare
Registering precompiled user dll's ...
Registered in 0.005488 seconds.
Begin MonoManager ReloadAssembly
Native extension for WindowsStandalone target not found
Refreshing native plugins compatible for Editor in 0.78 ms, found 2 plugins.
Preloading 0 native plugins for Editor in 0.00 ms.
Mono: successfully reloaded assembly
- Completed reload, in  1.576 seconds
Domain Reload Profiling:
	ReloadAssembly (1577ms)
		BeginReloadAssembly (156ms)
			ExecutionOrderSort (0ms)
			DisableScriptedObjects (7ms)
			BackupInstance (0ms)
			ReleaseScriptingObjects (0ms)
			CreateAndSetChildDomain (53ms)
		EndReloadAssembly (1330ms)
			LoadAssemblies (139ms)
			RebuildTransferFunctionScriptingTraits (0ms)
			SetupTypeCache (474ms)
			ReleaseScriptCaches (2ms)
			RebuildScriptCaches (70ms)
			SetupLoadedEditorAssemblies (458ms)
				LogAssemblyErrors (0ms)
				InitializePlatformSupportModulesInManaged (8ms)
				SetLoadedEditorAssemblies (1ms)
				RefreshPlugins (1ms)
				BeforeProcessingInitializeOnLoad (135ms)
				ProcessInitializeOnLoadAttributes (303ms)
				ProcessInitializeOnLoadMethodAttributes (6ms)
				AfterProcessingInitializeOnLoad (3ms)
				EditorAssembliesLoaded (0ms)
			ExecutionOrderSort2 (0ms)
			AwakeInstancesAfterBackupRestoration (16ms)
Platform modules already initialized, skipping
Switching build target platform(19) subTarget(0) extendedPlatform(0) -> platform(13) subTarget(537395200) extendedPlatform(0)
Refreshing native plugins compatible for Editor in 1.22 ms, found 2 plugins.
Preloading 0 native plugins for Editor in 0.00 ms.
Unloading 2694 Unused Serialized files (Serialized files now loaded: 0)
System memory in use before: 140.3 MB.
System memory in use after: 140.6 MB.

Unloading 12 unused Assets to reduce memory usage. Loaded Objects now: 3372.
Total: 4.310300 ms (FindLiveObjects: 0.379200 ms CreateObjectMapping: 0.188900 ms MarkObjects: 3.710800 ms  DeleteObjects: 0.029400 ms)

AssetImportParameters requested are different than current active one (requested -> active):
  custom:framework-win-MediaFoundation: 216162199b28c13a410421893ffa2e32 -> 
  custom:video-decoder-ogg-theora: a1e56fd34408186e4bbccfd4996cb3dc -> 
  custom:container-muxer-webm: aa71ff27fc2769a1b78a27578f13a17b -> 
  custom:container-demuxer-webm: 4f35f7cbe854078d1ac9338744f61a02 -> 
  custom:container-demuxer-ogg: 62fdf1f143b41e24485cea50d1cbac27 -> 
  custom:video-encoder-webm-vp8: eb34c28f22e8b96e1ab97ce403110664 -> 
  custom:video-decoder-webm-vp8: 9c59270c3fd7afecdb556c50c9e8de78 -> 
  custom:graphics/normal-map-encoding: 01000000000000000000000000000000 -> 02000000000000000000000000000000
  custom:audio-decoder-ogg-vorbis: bf7c407c2cedff20999df2af8eb42d56 -> 
  custom:audio-encoder-webm-vorbis: bf7c407c2cedff20999df2af8eb42d56 -> 
========================================================================
Received Prepare
Registering precompiled user dll's ...
Registered in 0.005175 seconds.
Begin MonoManager ReloadAssembly
Native extension for WindowsStandalone target not found
Refreshing native plugins compatible for Editor in 0.77 ms, found 2 plugins.
Preloading 0 native plugins for Editor in 0.00 ms.
Mono: successfully reloaded assembly
- Completed reload, in  1.450 seconds
Domain Reload Profiling:
	ReloadAssembly (1451ms)
		BeginReloadAssembly (146ms)
			ExecutionOrderSort (0ms)
			DisableScriptedObjects (6ms)
			BackupInstance (0ms)
			ReleaseScriptingObjects (0ms)
			CreateAndSetChildDomain (52ms)
		EndReloadAssembly (1224ms)
			LoadAssemblies (126ms)
			RebuildTransferFunctionScriptingTraits (0ms)
			SetupTypeCache (407ms)
			ReleaseScriptCaches (2ms)
			RebuildScriptCaches (61ms)
			SetupLoadedEditorAssemblies (444ms)
				LogAssemblyErrors (0ms)
				InitializePlatformSupportModulesInManaged (5ms)
				SetLoadedEditorAssemblies (1ms)
				RefreshPlugins (1ms)
				BeforeProcessingInitializeOnLoad (116ms)
				ProcessInitializeOnLoadAttributes (305ms)
				ProcessInitializeOnLoadMethodAttributes (10ms)
				AfterProcessingInitializeOnLoad (5ms)
				EditorAssembliesLoaded (0ms)
			ExecutionOrderSort2 (0ms)
			AwakeInstancesAfterBackupRestoration (14ms)
Platform modules already initialized, skipping
Switching build target platform(19) subTarget(0) extendedPlatform(0) -> platform(13) subTarget(537395200) extendedPlatform(0)
Refreshing native plugins compatible for Editor in 0.74 ms, found 2 plugins.
Preloading 0 native plugins for Editor in 0.00 ms.
Unloading 2694 Unused Serialized files (Serialized files now loaded: 0)
System memory in use before: 140.3 MB.
System memory in use after: 140.6 MB.

Unloading 12 unused Assets to reduce memory usage. Loaded Objects now: 3374.
Total: 4.063100 ms (FindLiveObjects: 0.322600 ms CreateObjectMapping: 0.160600 ms MarkObjects: 3.551600 ms  DeleteObjects: 0.026700 ms)

AssetImportParameters requested are different than current active one (requested -> active):
  custom:framework-win-MediaFoundation: 216162199b28c13a410421893ffa2e32 -> 
  custom:video-decoder-ogg-theora: a1e56fd34408186e4bbccfd4996cb3dc -> 
  custom:container-muxer-webm: aa71ff27fc2769a1b78a27578f13a17b -> 
  custom:container-demuxer-webm: 4f35f7cbe854078d1ac9338744f61a02 -> 
  custom:container-demuxer-ogg: 62fdf1f143b41e24485cea50d1cbac27 -> 
  custom:video-encoder-webm-vp8: eb34c28f22e8b96e1ab97ce403110664 -> 
  custom:video-decoder-webm-vp8: 9c59270c3fd7afecdb556c50c9e8de78 -> 
  custom:graphics/normal-map-encoding: 01000000000000000000000000000000 -> 02000000000000000000000000000000
  custom:audio-decoder-ogg-vorbis: bf7c407c2cedff20999df2af8eb42d56 -> 
  custom:audio-encoder-webm-vorbis: bf7c407c2cedff20999df2af8eb42d56 -> 
========================================================================
Received Prepare
Registering precompiled user dll's ...
Registered in 0.005142 seconds.
Begin MonoManager ReloadAssembly
Native extension for WindowsStandalone target not found
Refreshing native plugins compatible for Editor in 1.26 ms, found 2 plugins.
Preloading 0 native plugins for Editor in 0.00 ms.
Mono: successfully reloaded assembly
- Completed reload, in  1.801 seconds
Domain Reload Profiling:
	ReloadAssembly (1802ms)
		BeginReloadAssembly (167ms)
			ExecutionOrderSort (0ms)
			DisableScriptedObjects (14ms)
			BackupInstance (0ms)
			ReleaseScriptingObjects (0ms)
			CreateAndSetChildDomain (65ms)
		EndReloadAssembly (1558ms)
			LoadAssemblies (123ms)
			RebuildTransferFunctionScriptingTraits (0ms)
			SetupTypeCache (405ms)
			ReleaseScriptCaches (3ms)
			RebuildScriptCaches (133ms)
			SetupLoadedEditorAssemblies (568ms)
				LogAssemblyErrors (0ms)
				InitializePlatformSupportModulesInManaged (6ms)
				SetLoadedEditorAssemblies (1ms)
				RefreshPlugins (1ms)
				BeforeProcessingInitializeOnLoad (162ms)
				ProcessInitializeOnLoadAttributes (384ms)
				ProcessInitializeOnLoadMethodAttributes (8ms)
				AfterProcessingInitializeOnLoad (4ms)
				EditorAssembliesLoaded (1ms)
			ExecutionOrderSort2 (0ms)
			AwakeInstancesAfterBackupRestoration (34ms)
Platform modules already initialized, skipping
Switching build target platform(19) subTarget(0) extendedPlatform(0) -> platform(13) subTarget(537395200) extendedPlatform(0)
Refreshing native plugins compatible for Editor in 0.72 ms, found 2 plugins.
Preloading 0 native plugins for Editor in 0.00 ms.
Unloading 2694 Unused Serialized files (Serialized files now loaded: 0)
System memory in use before: 140.4 MB.
System memory in use after: 140.6 MB.

Unloading 12 unused Assets to reduce memory usage. Loaded Objects now: 3376.
Total: 6.197300 ms (FindLiveObjects: 0.305300 ms CreateObjectMapping: 0.151600 ms MarkObjects: 5.676900 ms  DeleteObjects: 0.060700 ms)

AssetImportParameters requested are different than current active one (requested -> active):
  custom:framework-win-MediaFoundation: 216162199b28c13a410421893ffa2e32 -> 
  custom:video-decoder-ogg-theora: a1e56fd34408186e4bbccfd4996cb3dc -> 
  custom:container-muxer-webm: aa71ff27fc2769a1b78a27578f13a17b -> 
  custom:container-demuxer-webm: 4f35f7cbe854078d1ac9338744f61a02 -> 
  custom:container-demuxer-ogg: 62fdf1f143b41e24485cea50d1cbac27 -> 
  custom:video-encoder-webm-vp8: eb34c28f22e8b96e1ab97ce403110664 -> 
  custom:video-decoder-webm-vp8: 9c59270c3fd7afecdb556c50c9e8de78 -> 
  custom:graphics/normal-map-encoding: 01000000000000000000000000000000 -> 02000000000000000000000000000000
  custom:audio-decoder-ogg-vorbis: bf7c407c2cedff20999df2af8eb42d56 -> 
  custom:audio-encoder-webm-vorbis: bf7c407c2cedff20999df2af8eb42d56 -> 
========================================================================
Received Import Request.
  Time since last request: 769.425907 seconds.
  path: Assets/Hand Painted Grass  Texture
  artifactKey: Guid(65fbe0a3163075947b12715c74bad810) Importer(815301076,1909f56bfc062723c751e8b465ee728b)
Start importing Assets/Hand Painted Grass  Texture using Guid(65fbe0a3163075947b12715c74bad810) Importer(815301076,1909f56bfc062723c751e8b465ee728b)  -> (artifact id: '279f72be91ff4cd1c25cc8ba71421cc8') in 0.016317 seconds 
  Import took 0.023720 seconds .

========================================================================
Received Import Request.
  Time since last request: 2.474225 seconds.
  path: Assets/Hand Painted Grass  Texture/Scene
  artifactKey: Guid(dc27bf153b0893147b194b8520719569) Importer(815301076,1909f56bfc062723c751e8b465ee728b)
Start importing Assets/Hand Painted Grass  Texture/Scene using Guid(dc27bf153b0893147b194b8520719569) Importer(815301076,1909f56bfc062723c751e8b465ee728b)  -> (artifact id: 'f71aea8dff6b2e94d4969f6388045c7e') in 0.011463 seconds 
  Import took 0.077328 seconds .

========================================================================
Received Import Request.
  Time since last request: 68.336731 seconds.
  path: Assets/Hand Painted Grass  Texture/Scene/Hand Painted Grass TextureSettings.lighting
  artifactKey: Guid(ac311da42d3e3f740b2f82f748432712) Importer(815301076,1909f56bfc062723c751e8b465ee728b)
Start importing Assets/Hand Painted Grass  Texture/Scene/Hand Painted Grass TextureSettings.lighting using Guid(ac311da42d3e3f740b2f82f748432712) Importer(815301076,1909f56bfc062723c751e8b465ee728b) LightingSettings: switching bake backend from 1 to 0.
 -> (artifact id: '3e97db794b86daf4aa657775370fef17') in 0.062520 seconds 
  Import took 0.068928 seconds .

========================================================================
Received Import Request.
  Time since last request: 2.876071 seconds.
  path: Assets/Hand Painted Grass  Texture/Material
  artifactKey: Guid(1e4ee3f2ef834cf479ff6efa97ec7922) Importer(815301076,1909f56bfc062723c751e8b465ee728b)
Start importing Assets/Hand Painted Grass  Texture/Material using Guid(1e4ee3f2ef834cf479ff6efa97ec7922) Importer(815301076,1909f56bfc062723c751e8b465ee728b)  -> (artifact id: '30035279770d2eb243a7694ee8fa84a5') in 0.009671 seconds 
  Import took 0.015275 seconds .

========================================================================
Received Import Request.
  Time since last request: 0.034784 seconds.
  path: Assets/Hand Painted Grass  Texture/Material/Gtass_mobile.mat
  artifactKey: Guid(2ed5ac5bee18ffe4396d871af249a6b7) Importer(815301076,1909f56bfc062723c751e8b465ee728b)
Start importing Assets/Hand Painted Grass  Texture/Material/Gtass_mobile.mat using Guid(2ed5ac5bee18ffe4396d871af249a6b7) Importer(815301076,1909f56bfc062723c751e8b465ee728b)  -> (artifact id: 'b8b6486129dc60e26e7d3896dfc29d54') in 0.642661 seconds 
  Import took 0.650227 seconds .

========================================================================
Received Import Request.
  Time since last request: 0.000267 seconds.
  path: Assets/Hand Painted Grass  Texture/Material/Gtass_normal.mat
  artifactKey: Guid(ffa9f731b331c2e40a2d09ecab6118c2) Importer(815301076,1909f56bfc062723c751e8b465ee728b)
Start importing Assets/Hand Painted Grass  Texture/Material/Gtass_normal.mat using Guid(ffa9f731b331c2e40a2d09ecab6118c2) Importer(815301076,1909f56bfc062723c751e8b465ee728b)  -> (artifact id: 'a68d043ebcaa729a5249938578054930') in 0.426185 seconds 
  Import took 0.450784 seconds .

========================================================================
Received Import Request.
  Time since last request: 0.000331 seconds.
  path: Assets/Hand Painted Grass  Texture/Texture/Grass_Base_Color.png
  artifactKey: Guid(3e56fccbd43645846b91452f3498941d) Importer(815301076,1909f56bfc062723c751e8b465ee728b)
Start importing Assets/Hand Painted Grass  Texture/Texture/Grass_Base_Color.png using Guid(3e56fccbd43645846b91452f3498941d) Importer(815301076,1909f56bfc062723c751e8b465ee728b)  -> (artifact id: '0054168067cf31e8482d7ec8bf03ae61') in 0.088774 seconds 
  Import took 0.095280 seconds .

========================================================================
Received Import Request.
  Time since last request: 0.000251 seconds.
  path: Assets/Hand Painted Grass  Texture/Material/Gtass_mobile.mat
  artifactKey: Guid(2ed5ac5bee18ffe4396d871af249a6b7) Importer(815301076,1909f56bfc062723c751e8b465ee728b)
Start importing Assets/Hand Painted Grass  Texture/Material/Gtass_mobile.mat using Guid(2ed5ac5bee18ffe4396d871af249a6b7) Importer(815301076,1909f56bfc062723c751e8b465ee728b)  -> (artifact id: 'b8b6486129dc60e26e7d3896dfc29d54') in 0.072385 seconds 
  Import took 0.077951 seconds .

========================================================================
Received Import Request.
  Time since last request: 2.991908 seconds.
  path: Assets/Hand Painted Grass  Texture/Texture/Grass_Ambient_Occlusion.png
  artifactKey: Guid(71468deba7cb7f64082a57412b0cca8f) Importer(815301076,1909f56bfc062723c751e8b465ee728b)
Start importing Assets/Hand Painted Grass  Texture/Texture/Grass_Ambient_Occlusion.png using Guid(71468deba7cb7f64082a57412b0cca8f) Importer(815301076,1909f56bfc062723c751e8b465ee728b)  -> (artifact id: '0a3e5b29d75c38d3fc7bec75739c76f9') in 0.076267 seconds 
  Import took 0.082007 seconds .

========================================================================
Received Import Request.
  Time since last request: 0.000280 seconds.
  path: Assets/Hand Painted Grass  Texture/Texture/Grass_Normal.png
  artifactKey: Guid(abdf0ea32c5d9a9459d3e4ead7c70937) Importer(815301076,1909f56bfc062723c751e8b465ee728b)
Start importing Assets/Hand Painted Grass  Texture/Texture/Grass_Normal.png using Guid(abdf0ea32c5d9a9459d3e4ead7c70937) Importer(815301076,1909f56bfc062723c751e8b465ee728b)  -> (artifact id: '78e6ac964959e5cf3071ecf0cf520cb0') in 0.096581 seconds 
  Import took 0.101968 seconds .

========================================================================
Received Import Request.
  Time since last request: 0.000286 seconds.
  path: Assets/Hand Painted Grass  Texture/Texture/Grass_Height.png
  artifactKey: Guid(f03ded94d66460b459357d6b9ef021a2) Importer(815301076,1909f56bfc062723c751e8b465ee728b)
Start importing Assets/Hand Painted Grass  Texture/Texture/Grass_Height.png using Guid(f03ded94d66460b459357d6b9ef021a2) Importer(815301076,1909f56bfc062723c751e8b465ee728b)  -> (artifact id: '1c4026030a5b996a50c612f4ae773118') in 0.072844 seconds 
  Import took 0.077827 seconds .

========================================================================
Received Import Request.
  Time since last request: 0.000357 seconds.
  path: Assets/Hand Painted Grass  Texture/Texture/Grass_Ambient_Occlusion.png
  artifactKey: Guid(71468deba7cb7f64082a57412b0cca8f) Importer(815301076,1909f56bfc062723c751e8b465ee728b)
Start importing Assets/Hand Painted Grass  Texture/Texture/Grass_Ambient_Occlusion.png using Guid(71468deba7cb7f64082a57412b0cca8f) Importer(815301076,1909f56bfc062723c751e8b465ee728b)  -> (artifact id: '0a3e5b29d75c38d3fc7bec75739c76f9') in 0.076314 seconds 
  Import took 0.082943 seconds .

========================================================================
Received Import Request.
  Time since last request: 0.000338 seconds.
  path: Assets/Hand Painted Grass  Texture/Texture/Grass_Height.png
  artifactKey: Guid(f03ded94d66460b459357d6b9ef021a2) Importer(815301076,1909f56bfc062723c751e8b465ee728b)
Start importing Assets/Hand Painted Grass  Texture/Texture/Grass_Height.png using Guid(f03ded94d66460b459357d6b9ef021a2) Importer(815301076,1909f56bfc062723c751e8b465ee728b)  -> (artifact id: '1c4026030a5b996a50c612f4ae773118') in 0.069973 seconds 
  Import took 0.075564 seconds .

========================================================================
Received Import Request.
  Time since last request: 0.000273 seconds.
  path: Assets/Hand Painted Grass  Texture/Texture/Grass_Roughness.png
  artifactKey: Guid(5347fc6026112854da8e63940ca13972) Importer(815301076,1909f56bfc062723c751e8b465ee728b)
Start importing Assets/Hand Painted Grass  Texture/Texture/Grass_Roughness.png using Guid(5347fc6026112854da8e63940ca13972) Importer(815301076,1909f56bfc062723c751e8b465ee728b)  -> (artifact id: '149a009ef6a69e11dbc06ffe9792cee3') in 0.071111 seconds 
  Import took 0.076324 seconds .

========================================================================
Received Import Request.
  Time since last request: 0.002981 seconds.
  path: Assets/Hand Painted Grass  Texture/Texture/Grass_Roughness.png
  artifactKey: Guid(5347fc6026112854da8e63940ca13972) Importer(815301076,1909f56bfc062723c751e8b465ee728b)
Start importing Assets/Hand Painted Grass  Texture/Texture/Grass_Roughness.png using Guid(5347fc6026112854da8e63940ca13972) Importer(815301076,1909f56bfc062723c751e8b465ee728b)  -> (artifact id: '149a009ef6a69e11dbc06ffe9792cee3') in 0.072804 seconds 
  Import took 0.078211 seconds .

========================================================================
Received Prepare
Registering precompiled user dll's ...
Registered in 0.005414 seconds.
Begin MonoManager ReloadAssembly
Native extension for WindowsStandalone target not found
Refreshing native plugins compatible for Editor in 0.77 ms, found 2 plugins.
Preloading 0 native plugins for Editor in 0.00 ms.
Mono: successfully reloaded assembly
- Completed reload, in  1.473 seconds
Domain Reload Profiling:
	ReloadAssembly (1473ms)
		BeginReloadAssembly (164ms)
			ExecutionOrderSort (0ms)
			DisableScriptedObjects (9ms)
			BackupInstance (0ms)
			ReleaseScriptingObjects (0ms)
			CreateAndSetChildDomain (52ms)
		EndReloadAssembly (1230ms)
			LoadAssemblies (124ms)
			RebuildTransferFunctionScriptingTraits (0ms)
			SetupTypeCache (402ms)
			ReleaseScriptCaches (2ms)
			RebuildScriptCaches (67ms)
			SetupLoadedEditorAssemblies (405ms)
				LogAssemblyErrors (0ms)
				InitializePlatformSupportModulesInManaged (6ms)
				SetLoadedEditorAssemblies (1ms)
				RefreshPlugins (1ms)
				BeforeProcessingInitializeOnLoad (118ms)
				ProcessInitializeOnLoadAttributes (270ms)
				ProcessInitializeOnLoadMethodAttributes (6ms)
				AfterProcessingInitializeOnLoad (4ms)
				EditorAssembliesLoaded (0ms)
			ExecutionOrderSort2 (0ms)
			AwakeInstancesAfterBackupRestoration (23ms)
Platform modules already initialized, skipping
Switching build target platform(19) subTarget(0) extendedPlatform(0) -> platform(13) subTarget(537395200) extendedPlatform(0)
Refreshing native plugins compatible for Editor in 0.73 ms, found 2 plugins.
Preloading 0 native plugins for Editor in 0.00 ms.
Unloading 2694 Unused Serialized files (Serialized files now loaded: 0)
System memory in use before: 143.2 MB.
System memory in use after: 143.5 MB.

Unloading 12 unused Assets to reduce memory usage. Loaded Objects now: 3457.
Total: 4.253200 ms (FindLiveObjects: 0.344100 ms CreateObjectMapping: 0.185500 ms MarkObjects: 3.695700 ms  DeleteObjects: 0.025800 ms)

AssetImportParameters requested are different than current active one (requested -> active):
  custom:framework-win-MediaFoundation: 216162199b28c13a410421893ffa2e32 -> 
  custom:video-decoder-ogg-theora: a1e56fd34408186e4bbccfd4996cb3dc -> 
  custom:container-muxer-webm: aa71ff27fc2769a1b78a27578f13a17b -> 
  custom:container-demuxer-webm: 4f35f7cbe854078d1ac9338744f61a02 -> 
  custom:container-demuxer-ogg: 62fdf1f143b41e24485cea50d1cbac27 -> 
  custom:video-encoder-webm-vp8: eb34c28f22e8b96e1ab97ce403110664 -> 
  custom:video-decoder-webm-vp8: 9c59270c3fd7afecdb556c50c9e8de78 -> 
  custom:graphics/normal-map-encoding: 01000000000000000000000000000000 -> 02000000000000000000000000000000
  custom:audio-decoder-ogg-vorbis: bf7c407c2cedff20999df2af8eb42d56 -> 
  custom:audio-encoder-webm-vorbis: bf7c407c2cedff20999df2af8eb42d56 -> 
========================================================================
Received Import Request.
  Time since last request: 9.018765 seconds.
  path: Assets/Hand Painted Grass  Texture/Texture
  artifactKey: Guid(d56f723426700264a98da6a6c231c70f) Importer(815301076,1909f56bfc062723c751e8b465ee728b)
Start importing Assets/Hand Painted Grass  Texture/Texture using Guid(d56f723426700264a98da6a6c231c70f) Importer(815301076,1909f56bfc062723c751e8b465ee728b)  -> (artifact id: 'e9a3cb390f77110ac1e93edd060c43f7') in 0.013388 seconds 
  Import took 0.018799 seconds .

========================================================================
Received Import Request.
  Time since last request: 38.168273 seconds.
  path: Assets/Tree9
  artifactKey: Guid(6977058a689955a4baa72d357e9a8c47) Importer(815301076,1909f56bfc062723c751e8b465ee728b)
Start importing Assets/Tree9 using Guid(6977058a689955a4baa72d357e9a8c47) Importer(815301076,1909f56bfc062723c751e8b465ee728b)  -> (artifact id: '9f8f93b767bc3b840e9592f7dac8e5db') in 0.009696 seconds 
  Import took 0.015973 seconds .

========================================================================
Received Import Request.
  Time since last request: 0.036687 seconds.
  path: Assets/Tree9/bark14.mat
  artifactKey: Guid(760ea8238d6219c42b2739f693d4c834) Importer(815301076,1909f56bfc062723c751e8b465ee728b)
Start importing Assets/Tree9/bark14.mat using Guid(760ea8238d6219c42b2739f693d4c834) Importer(815301076,1909f56bfc062723c751e8b465ee728b)  -> (artifact id: '00b1417338997dba59150bf3e64c98d9') in 0.388870 seconds 
  Import took 0.396806 seconds .

========================================================================
Received Import Request.
  Time since last request: 0.000653 seconds.
  path: Assets/Tree9/bark14_N.png
  artifactKey: Guid(81f1d63919f88a547a8d97fe857cc586) Importer(815301076,1909f56bfc062723c751e8b465ee728b)
Start importing Assets/Tree9/bark14_N.png using Guid(81f1d63919f88a547a8d97fe857cc586) Importer(815301076,1909f56bfc062723c751e8b465ee728b)  -> (artifact id: '42ec30d2c0af25b892635ee32545f95c') in 0.057992 seconds 
  Import took 0.063789 seconds .

========================================================================
Received Import Request.
  Time since last request: 0.000254 seconds.
  path: Assets/Tree9/Tree9_Leaf.fbx
  artifactKey: Guid(1de95aafaed1b594b88a317c6a6ac028) Importer(815301076,1909f56bfc062723c751e8b465ee728b)
Start importing Assets/Tree9/Tree9_Leaf.fbx using Guid(1de95aafaed1b594b88a317c6a6ac028) Importer(815301076,1909f56bfc062723c751e8b465ee728b)  -> (artifact id: '1f600dbc34515cceb5ce5e9913e5c889') in 0.401861 seconds 
  Import took 0.407020 seconds .

========================================================================
Received Import Request.
  Time since last request: 0.000280 seconds.
  path: Assets/Tree9/bark14.png
  artifactKey: Guid(78e60ad3a8152ec46be748bb6d5a7cdf) Importer(815301076,1909f56bfc062723c751e8b465ee728b)
Start importing Assets/Tree9/bark14.png using Guid(78e60ad3a8152ec46be748bb6d5a7cdf) Importer(815301076,1909f56bfc062723c751e8b465ee728b)  -> (artifact id: 'ab34054e3c57206c22eb4b84f80c2bfc') in 0.028503 seconds 
  Import took 0.044216 seconds .

========================================================================
Received Import Request.
  Time since last request: 0.000267 seconds.
  path: Assets/Tree9/Tree9_2.prefab
  artifactKey: Guid(be878d9ea17907f4a8068678a5ce7908) Importer(815301076,1909f56bfc062723c751e8b465ee728b)
Start importing Assets/Tree9/Tree9_2.prefab using Guid(be878d9ea17907f4a8068678a5ce7908) Importer(815301076,1909f56bfc062723c751e8b465ee728b)  -> (artifact id: 'a2fe6d0d2e104c85626f0c29ebfd7ecd') in 0.303026 seconds 
  Import took 0.308322 seconds .

========================================================================
Received Import Request.
  Time since last request: 0.000270 seconds.
  path: Assets/Tree9/Leafs19_N.png
  artifactKey: Guid(fa41cc63b7bd56f4da64009c1c218880) Importer(815301076,1909f56bfc062723c751e8b465ee728b)
Start importing Assets/Tree9/Leafs19_N.png using Guid(fa41cc63b7bd56f4da64009c1c218880) Importer(815301076,1909f56bfc062723c751e8b465ee728b)  -> (artifact id: 'a941a41847a17fdd14447aa2572fdec0') in 0.032257 seconds 
  Import took 0.037849 seconds .

========================================================================
Received Import Request.
  Time since last request: 0.000278 seconds.
  path: Assets/Tree9/Tree9_3.prefab
  artifactKey: Guid(8b2d47fdc2e25ac4f9721480a68bbefa) Importer(815301076,1909f56bfc062723c751e8b465ee728b)
Start importing Assets/Tree9/Tree9_3.prefab using Guid(8b2d47fdc2e25ac4f9721480a68bbefa) Importer(815301076,1909f56bfc062723c751e8b465ee728b)  -> (artifact id: 'c4ea45578af3a230e2affa7c0258ff71') in 0.131307 seconds 
  Import took 0.136906 seconds .

========================================================================
Received Import Request.
  Time since last request: 0.000293 seconds.
  path: Assets/Tree9/Tree9_leafs.mat
  artifactKey: Guid(da780beb78a91484aa965294e12f428e) Importer(815301076,1909f56bfc062723c751e8b465ee728b)
Start importing Assets/Tree9/Tree9_leafs.mat using Guid(da780beb78a91484aa965294e12f428e) Importer(815301076,1909f56bfc062723c751e8b465ee728b)  -> (artifact id: 'be32bbb0c3c0391269598d0c136573db') in 0.053209 seconds 
  Import took 0.067304 seconds .

========================================================================
Received Import Request.
  Time since last request: 0.000292 seconds.
  path: Assets/Tree9/Tree9_5.prefab
  artifactKey: Guid(9b8fc966f95ea9c4194dc091fc40b478) Importer(815301076,1909f56bfc062723c751e8b465ee728b)
Start importing Assets/Tree9/Tree9_5.prefab using Guid(9b8fc966f95ea9c4194dc091fc40b478) Importer(815301076,1909f56bfc062723c751e8b465ee728b)  -> (artifact id: '6a0449148af330fac2862810d8a46879') in 0.088700 seconds 
  Import took 0.217556 seconds .

========================================================================
Received Import Request.
  Time since last request: 0.000358 seconds.
  path: Assets/Tree9/Tree9_4.prefab
  artifactKey: Guid(956bd2acf7aae244dac8fc20cf57858d) Importer(815301076,1909f56bfc062723c751e8b465ee728b)
Start importing Assets/Tree9/Tree9_4.prefab using Guid(956bd2acf7aae244dac8fc20cf57858d) Importer(815301076,1909f56bfc062723c751e8b465ee728b)  -> (artifact id: '805a634d007a49e07ce6d608df1b22c5') in 0.115646 seconds 
  Import took 0.124444 seconds .

========================================================================
Received Import Request.
  Time since last request: 0.000312 seconds.
  path: Assets/Tree9/Leafs19.tga
  artifactKey: Guid(58552de7d543f6e4095feb3806e56f4f) Importer(815301076,1909f56bfc062723c751e8b465ee728b)
Start importing Assets/Tree9/Leafs19.tga using Guid(58552de7d543f6e4095feb3806e56f4f) Importer(815301076,1909f56bfc062723c751e8b465ee728b)  -> (artifact id: 'e54bb816f477342dc189db9949d6566b') in 0.034860 seconds 
  Import took 0.040886 seconds .

